<?xml version="1.0" encoding="UTF-8"?>
<!-- Generated by org.testng.reporters.JUnitReportReporter -->
<testsuite skipped="0" hostname="Khanjadas-MBP.nyc.rr.com" name="packageSix.TestNgGroups" tests="2" failures="0" timestamp="2021-07-24T23:35:41 EDT" time="0.019" errors="0">
  <testcase name="test2" time="0.002" classname="packageSix.TestNgGroups"/>
  <system-out/>
  <testcase name="test1" time="0.017" classname="packageSix.TestNgGroups"/>
  <system-out/>
</testsuite> <!-- packageSix.TestNgGroups -->
