<?xml version="1.0" encoding="UTF-8"?>
<!-- Generated by org.testng.reporters.JUnitReportReporter -->
<testsuite skipped="0" hostname="Khanjadas-MBP.nyc.rr.com" name="packageSix.TestNGClass" tests="10" failures="0" timestamp="2021-07-25T12:58:58 EDT" time="27.050" errors="0">
  <testcase name="openurl" time="2.147" classname="packageSix.TestNGClass"/>
  <system-out/>
  <testcase name="signin" time="1.046" classname="packageSix.TestNGClass"/>
  <system-out/>
  <testcase name="enteremail" time="0.327" classname="packageSix.TestNGClass"/>
  <system-out/>
  <testcase name="enteremail" time="0.160" classname="packageSix.TestNGClass"/>
  <system-out/>
  <testcase name="enteremail" time="0.165" classname="packageSix.TestNGClass"/>
  <system-out/>
  <testcase name="clicksubmit" time="0.061" classname="packageSix.TestNGClass"/>
  <system-out/>
  <testcase name="personalinfo" time="2.068" classname="packageSix.TestNGClass"/>
  <system-out/>
  <testcase name="selectdays" time="20.591" classname="packageSix.TestNGClass"/>
  <system-out/>
  <testcase name="company" time="0.337" classname="packageSix.TestNGClass"/>
  <system-out/>
  <testcase name="mobilephone" time="0.148" classname="packageSix.TestNGClass"/>
  <system-out/>
</testsuite> <!-- packageSix.TestNGClass -->
